#
# A fatal error has been detected by the Java Runtime Environment:
#
#  EXCEPTION_ACCESS_VIOLATION (0xc0000005) at pc=0xffffffffa3e35120, pid=9524, tid=0x0000000000001ed4
#
# JRE version: Java(TM) SE Runtime Environment (8.0_111-b14) (build 1.8.0_111-b14)
# Java VM: Java HotSpot(TM) 64-Bit Server VM (25.111-b14 mixed mode windows-amd64 compressed oops)
# Problematic frame:
# C  0xffffffffa3e35120
#
# Failed to write core dump. Minidumps are not enabled by default on client versions of Windows
#
# If you would like to submit a bug report, please visit:
#   http://bugreport.java.com/bugreport/crash.jsp
#

---------------  T H R E A D  ---------------

Current thread (0x000000001718e000):  JavaThread "AWT-EventQueue-0" [_thread_in_Java, id=7892, stack(0x0000000017a70000,0x0000000017b70000)]

siginfo: ExceptionCode=0xc0000005, ExceptionInformation=0x0000000000000008 0xffffffffa3e35120

Registers:
RAX=0x0000000014ca9af8, RBX=0x0000000014ca9af8, RCX=0x00000000eb469e10, RDX=0x00000000eb469e10
RSP=0x0000000017b6bea8, RBP=0x0000000017b6bf10, RSI=0x0000000000000236, RDI=0x0000000000000108
R8 =0x00000000000018d2, R9 =0x00000000171700a0, R10=0x000000006c2fc0c0, R11=0x0000000003038940
R12=0x0000000000000000, R13=0x0000000017b6bec0, R14=0x000000001a2d93a8, R15=0x000000001718e000
RIP=0xffffffffa3e35120, EFLAGS=0x0000000000010202

Top of Stack: (sp=0x0000000017b6bea8)
0x0000000017b6bea8:   0000000002e377a0 0000000017b6bf10
0x0000000017b6beb8:   0000000002e377a0 00000000000018d2
0x0000000017b6bec8:   00000000eb469e10 0000000017b6bed0
0x0000000017b6bed8:   0000000014cad54a 0000000017b6bf28
0x0000000017b6bee8:   0000000014cb2110 000000001a2d93a8
0x0000000017b6bef8:   0000000014cad560 0000000017b6bec0
0x0000000017b6bf08:   0000000017b6bf20 0000000017b6bf70
0x0000000017b6bf18:   0000000002e37940 00000000000018d2
0x0000000017b6bf28:   00000000eb469e10 0000000017b6bf30
0x0000000017b6bf38:   000000001a2d840c 0000000017b6bf80
0x0000000017b6bf48:   000000001a2d8d10 000000001a2d96d0
0x0000000017b6bf58:   000000001a2d8418 0000000017b6bf20
0x0000000017b6bf68:   0000000017b6bf80 0000000017b6bfc8
0x0000000017b6bf78:   0000000002e37940 00000000eb46c728
0x0000000017b6bf88:   0000000017b6bf88 000000001a2d73f8
0x0000000017b6bf98:   0000000017b6c020 000000001a2d7668 

Instructions: (pc=0xffffffffa3e35120)
0xffffffffa3e35100:   
[error occurred during error reporting (printing registers, top of stack, instructions near pc), id 0xc0000005]

Register to memory mapping:

RAX={method} {0x0000000014ca9b00} '_get' '(I)B' in 'java/nio/HeapByteBuffer'
RBX={method} {0x0000000014ca9b00} '_get' '(I)B' in 'java/nio/HeapByteBuffer'
RCX=0x00000000eb469e10 is an oop
java.nio.HeapByteBuffer 
 - klass: 'java/nio/HeapByteBuffer'
RDX=0x00000000eb469e10 is an oop
java.nio.HeapByteBuffer 
 - klass: 'java/nio/HeapByteBuffer'
RSP=0x0000000017b6bea8 is pointing into the stack for thread: 0x000000001718e000
RBP=0x0000000017b6bf10 is pointing into the stack for thread: 0x000000001718e000
RSI=0x0000000000000236 is an unknown value
RDI=0x0000000000000108 is an unknown value
R8 =0x00000000000018d2 is an unknown value
R9 =0x00000000171700a0 is an unknown value
R10=0x000000006c2fc0c0 is an unknown value
R11=0x0000000003038940 is at entry_point+32 in (nmethod*)0x00000000030387d0
R12=0x0000000000000000 is an unknown value
R13=0x0000000017b6bec0 is pointing into the stack for thread: 0x000000001718e000
R14=0x000000001a2d93a8 is pointing into metadata
R15=0x000000001718e000 is a thread


Stack: [0x0000000017a70000,0x0000000017b70000],  sp=0x0000000017b6bea8,  free space=1007k
Native frames: (J=compiled Java code, j=interpreted, Vv=VM code, C=native code)
C  0xffffffffa3e35120


---------------  P R O C E S S  ---------------

Java Threads: ( => current thread )
  0x00000000196f3800 JavaThread "D3D Screen Updater" daemon [_thread_blocked, id=456, stack(0x000000001a1b0000,0x000000001a2b0000)]
  0x00000000171fa000 JavaThread "Image Fetcher 0" daemon [_thread_blocked, id=2696, stack(0x00000000195b0000,0x00000000196b0000)]
  0x0000000002d30800 JavaThread "DestroyJavaVM" [_thread_blocked, id=6800, stack(0x0000000002c20000,0x0000000002d20000)]
=>0x000000001718e000 JavaThread "AWT-EventQueue-0" [_thread_in_Java, id=7892, stack(0x0000000017a70000,0x0000000017b70000)]
  0x000000001718c000 JavaThread "AWT-Windows" daemon [_thread_in_native, id=4908, stack(0x00000000177d0000,0x00000000178d0000)]
  0x0000000017185800 JavaThread "AWT-Shutdown" [_thread_blocked, id=8464, stack(0x00000000176d0000,0x00000000177d0000)]
  0x0000000017184800 JavaThread "Java2D Disposer" daemon [_thread_blocked, id=2500, stack(0x00000000175d0000,0x00000000176d0000)]
  0x0000000016eb0800 JavaThread "Service Thread" daemon [_thread_blocked, id=4224, stack(0x0000000017280000,0x0000000017380000)]
  0x0000000015519800 JavaThread "C1 CompilerThread2" daemon [_thread_blocked, id=7312, stack(0x0000000016d80000,0x0000000016e80000)]
  0x0000000015503000 JavaThread "C2 CompilerThread1" daemon [_thread_blocked, id=2440, stack(0x0000000016c80000,0x0000000016d80000)]
  0x00000000154ff000 JavaThread "C2 CompilerThread0" daemon [_thread_blocked, id=9408, stack(0x0000000016b80000,0x0000000016c80000)]
  0x00000000154fd000 JavaThread "Attach Listener" daemon [_thread_blocked, id=8716, stack(0x0000000016a80000,0x0000000016b80000)]
  0x00000000154fc000 JavaThread "Signal Dispatcher" daemon [_thread_blocked, id=5360, stack(0x0000000016980000,0x0000000016a80000)]
  0x0000000002e2a000 JavaThread "Finalizer" daemon [_thread_blocked, id=316, stack(0x0000000016770000,0x0000000016870000)]
  0x00000000154c9000 JavaThread "Reference Handler" daemon [_thread_blocked, id=4876, stack(0x0000000016670000,0x0000000016770000)]

Other Threads:
  0x00000000154c6800 VMThread [stack: 0x0000000016570000,0x0000000016670000] [id=8312]
  0x0000000016eb4800 WatcherThread [stack: 0x00000000174d0000,0x00000000175d0000] [id=3716]

VM state:not at safepoint (normal execution)

VM Mutex/Monitor currently owned by a thread: None

Heap:
 PSYoungGen      total 18944K, used 10207K [0x00000000eab00000, 0x00000000ec000000, 0x0000000100000000)
  eden space 16384K, 62% used [0x00000000eab00000,0x00000000eb4f7f10,0x00000000ebb00000)
  from space 2560K, 0% used [0x00000000ebd80000,0x00000000ebd80000,0x00000000ec000000)
  to   space 2560K, 0% used [0x00000000ebb00000,0x00000000ebb00000,0x00000000ebd80000)
 ParOldGen       total 44032K, used 0K [0x00000000c0000000, 0x00000000c2b00000, 0x00000000eab00000)
  object space 44032K, 0% used [0x00000000c0000000,0x00000000c0000000,0x00000000c2b00000)
 Metaspace       used 11721K, capacity 11874K, committed 12160K, reserved 1060864K
  class space    used 1490K, capacity 1549K, committed 1664K, reserved 1048576K

Card table byte_map: [0x00000000121f0000,0x0000000012400000] byte_map_base: 0x0000000011bf0000

Marking Bits: (ParMarkBitMap*) 0x000000006c31a6c0
 Begin Bits: [0x0000000012960000, 0x0000000013960000)
 End Bits:   [0x0000000013960000, 0x0000000014960000)

Polling page: 0x0000000000ec0000

CodeCache: size=245760Kb used=2099Kb max_used=2099Kb free=243660Kb
 bounds [0x0000000002e30000, 0x00000000030a0000, 0x0000000011e30000]
 total_blobs=939 nmethods=467 adapters=387
 compilation: enabled

Compilation events (10 events):
Event: 2.865 Thread 0x0000000015519800  463       1       java.nio.HeapByteBuffer::_get (7 bytes)
Event: 2.865 Thread 0x0000000015519800 nmethod 463 0x000000000303b950 code [0x000000000303baa0, 0x000000000303bbd0]
Event: 2.865 Thread 0x0000000015519800  466       3       java.nio.ByteBufferAsCharBufferB::get (16 bytes)
Event: 2.866 Thread 0x0000000015519800 nmethod 466 0x000000000303bc90 code [0x000000000303be40, 0x000000000303c428]
Event: 2.866 Thread 0x0000000015519800  467       3       java.nio.ByteBufferAsCharBufferB::ix (9 bytes)
Event: 2.866 Thread 0x0000000015519800 nmethod 467 0x000000000303c690 code [0x000000000303c7e0, 0x000000000303c930]
Event: 2.866 Thread 0x0000000015519800  464       3       java.nio.Bits::getCharB (16 bytes)
Event: 2.866 Thread 0x0000000015519800 nmethod 464 0x000000000303c990 code [0x000000000303cb00, 0x000000000303ce58]
Event: 2.866 Thread 0x0000000015519800  465       3       java.nio.Bits::makeChar (12 bytes)
Event: 2.866 Thread 0x0000000015519800 nmethod 465 0x000000000303cf50 code [0x000000000303d0a0, 0x000000000303d1f0]

GC Heap History (0 events):
No events

Deoptimization events (0 events):
No events

Internal exceptions (10 events):
Event: 0.414 Thread 0x0000000002d30800 Exception <a 'java/io/FileNotFoundException'> (0x00000000eab596f8) thrown at [C:\re\workspace\8-2-build-windows-amd64-cygwin\jdk8u111\7883\hotspot\src\share\vm\prims\jni.cpp, line 709]
Event: 0.538 Thread 0x0000000002d30800 Exception <a 'java/security/PrivilegedActionException'> (0x00000000eab81d68) thrown at [C:\re\workspace\8-2-build-windows-amd64-cygwin\jdk8u111\7883\hotspot\src\share\vm\prims\jvm.cpp, line 1386]
Event: 0.538 Thread 0x0000000002d30800 Exception <a 'java/security/PrivilegedActionException'> (0x00000000eab81f78) thrown at [C:\re\workspace\8-2-build-windows-amd64-cygwin\jdk8u111\7883\hotspot\src\share\vm\prims\jvm.cpp, line 1386]
Event: 0.547 Thread 0x0000000002d30800 Exception <a 'java/security/PrivilegedActionException'> (0x00000000eab85e60) thrown at [C:\re\workspace\8-2-build-windows-amd64-cygwin\jdk8u111\7883\hotspot\src\share\vm\prims\jvm.cpp, line 1386]
Event: 0.547 Thread 0x0000000002d30800 Exception <a 'java/security/PrivilegedActionException'> (0x00000000eab86070) thrown at [C:\re\workspace\8-2-build-windows-amd64-cygwin\jdk8u111\7883\hotspot\src\share\vm\prims\jvm.cpp, line 1386]
Event: 0.617 Thread 0x0000000002d30800 Exception <a 'java/io/FileNotFoundException'> (0x00000000eab8dfd8) thrown at [C:\re\workspace\8-2-build-windows-amd64-cygwin\jdk8u111\7883\hotspot\src\share\vm\prims\jni.cpp, line 709]
Event: 0.946 Thread 0x0000000002d30800 Exception <a 'java/lang/NoSuchFieldError': method resolution failed> (0x00000000eacad7d0) thrown at [C:\re\workspace\8-2-build-windows-amd64-cygwin\jdk8u111\7883\hotspot\src\share\vm\prims\methodHandles.cpp, line 1146]
Event: 0.987 Thread 0x0000000002d30800 Exception <a 'java/lang/NoSuchFieldError': method resolution failed> (0x00000000eacbaba0) thrown at [C:\re\workspace\8-2-build-windows-amd64-cygwin\jdk8u111\7883\hotspot\src\share\vm\prims\methodHandles.cpp, line 1146]
Event: 1.354 Thread 0x000000001718e000 Exception <a 'java/io/FileNotFoundException'> (0x00000000eae49a18) thrown at [C:\re\workspace\8-2-build-windows-amd64-cygwin\jdk8u111\7883\hotspot\src\share\vm\prims\jni.cpp, line 709]
Event: 2.012 Thread 0x000000001718e000 Exception <a 'java/io/FileNotFoundException'> (0x00000000eb269640) thrown at [C:\re\workspace\8-2-build-windows-amd64-cygwin\jdk8u111\7883\hotspot\src\share\vm\prims\jni.cpp, line 709]

Events (10 events):
Event: 2.864 loading class sun/font/TrueTypeGlyphMapper
Event: 2.864 loading class sun/font/TrueTypeGlyphMapper done
Event: 2.864 loading class sun/font/CMap
Event: 2.864 loading class sun/font/CMap done
Event: 2.864 loading class sun/font/CMap$NullCMapClass
Event: 2.864 loading class sun/font/CMap$NullCMapClass done
Event: 2.865 loading class sun/font/CMap$CMapFormat4
Event: 2.865 loading class sun/font/CMap$CMapFormat4 done
Event: 2.865 loading class java/nio/ByteBufferAsCharBufferB
Event: 2.865 loading class java/nio/ByteBufferAsCharBufferB done


Dynamic libraries:
0x00007ff607610000 - 0x00007ff607647000 	C:\Program Files\Java\jdk1.8.0_111\bin\java.exe
0x00007ffdedb00000 - 0x00007ffdedce1000 	C:\WINDOWS\SYSTEM32\ntdll.dll
0x00007ffdecd70000 - 0x00007ffdece22000 	C:\WINDOWS\System32\KERNEL32.DLL
0x00007ffdea480000 - 0x00007ffdea6f3000 	C:\WINDOWS\System32\KERNELBASE.dll
0x00007ffdeccc0000 - 0x00007ffdecd61000 	C:\WINDOWS\System32\ADVAPI32.dll
0x00007ffdea7a0000 - 0x00007ffdea83e000 	C:\WINDOWS\System32\msvcrt.dll
0x00007ffded1c0000 - 0x00007ffded21b000 	C:\WINDOWS\System32\sechost.dll
0x00007ffded540000 - 0x00007ffded664000 	C:\WINDOWS\System32\RPCRT4.dll
0x00007ffdece30000 - 0x00007ffdecfc0000 	C:\WINDOWS\System32\USER32.dll
0x00007ffde98e0000 - 0x00007ffde9900000 	C:\WINDOWS\System32\win32u.dll
0x00007ffded770000 - 0x00007ffded798000 	C:\WINDOWS\System32\GDI32.dll
0x00007ffde9740000 - 0x00007ffde98d2000 	C:\WINDOWS\System32\gdi32full.dll
0x00007ffdea700000 - 0x00007ffdea79f000 	C:\WINDOWS\System32\msvcp_win.dll
0x00007ffdea380000 - 0x00007ffdea47a000 	C:\WINDOWS\System32\ucrtbase.dll
0x00007ffde4050000 - 0x00007ffde42b9000 	C:\WINDOWS\WinSxS\amd64_microsoft.windows.common-controls_6595b64144ccf1df_6.0.17134.112_none_fb3f961b30681c12\COMCTL32.dll
0x00007ffded7a0000 - 0x00007ffdedac3000 	C:\WINDOWS\System32\combase.dll
0x00007ffdea300000 - 0x00007ffdea37a000 	C:\WINDOWS\System32\bcryptPrimitives.dll
0x00007ffded740000 - 0x00007ffded76d000 	C:\WINDOWS\System32\IMM32.DLL
0x000000006ba20000 - 0x000000006baf2000 	C:\Program Files\Java\jdk1.8.0_111\jre\bin\msvcr100.dll
0x000000006bb00000 - 0x000000006c39a000 	C:\Program Files\Java\jdk1.8.0_111\jre\bin\server\jvm.dll
0x00007ffded220000 - 0x00007ffded228000 	C:\WINDOWS\System32\PSAPI.DLL
0x00007ffde4e20000 - 0x00007ffde4e29000 	C:\WINDOWS\SYSTEM32\WSOCK32.dll
0x00007ffded150000 - 0x00007ffded1bc000 	C:\WINDOWS\System32\WS2_32.dll
0x00007ffde71d0000 - 0x00007ffde71f3000 	C:\WINDOWS\SYSTEM32\WINMM.dll
0x00007ffde5510000 - 0x00007ffde551a000 	C:\WINDOWS\SYSTEM32\VERSION.dll
0x00007ffde6bd0000 - 0x00007ffde6bfa000 	C:\WINDOWS\SYSTEM32\WINMMBASE.dll
0x00007ffde9900000 - 0x00007ffde9949000 	C:\WINDOWS\System32\cfgmgr32.dll
0x000000006b9d0000 - 0x000000006b9df000 	C:\Program Files\Java\jdk1.8.0_111\jre\bin\verify.dll
0x000000006b9a0000 - 0x000000006b9c9000 	C:\Program Files\Java\jdk1.8.0_111\jre\bin\java.dll
0x000000006b980000 - 0x000000006b996000 	C:\Program Files\Java\jdk1.8.0_111\jre\bin\zip.dll
0x00007ffdeb880000 - 0x00007ffdeccc0000 	C:\WINDOWS\System32\SHELL32.dll
0x00007ffdeacb0000 - 0x00007ffdead59000 	C:\WINDOWS\System32\shcore.dll
0x00007ffde9950000 - 0x00007ffdea05d000 	C:\WINDOWS\System32\windows.storage.dll
0x00007ffded450000 - 0x00007ffded4a1000 	C:\WINDOWS\System32\shlwapi.dll
0x00007ffde9670000 - 0x00007ffde9681000 	C:\WINDOWS\System32\kernel.appcore.dll
0x00007ffde96c0000 - 0x00007ffde96df000 	C:\WINDOWS\System32\profapi.dll
0x00007ffde9620000 - 0x00007ffde966c000 	C:\WINDOWS\System32\powrprof.dll
0x00007ffde96b0000 - 0x00007ffde96ba000 	C:\WINDOWS\System32\FLTLIB.DLL
0x000000006b7a0000 - 0x000000006b938000 	C:\Program Files\Java\jdk1.8.0_111\jre\bin\awt.dll
0x00007ffded670000 - 0x00007ffded732000 	C:\WINDOWS\System32\OLEAUT32.dll
0x00007ffde79a0000 - 0x00007ffde7a2b000 	C:\WINDOWS\SYSTEM32\apphelp.dll
0x00007ffde7b20000 - 0x00007ffde7bb8000 	C:\WINDOWS\system32\uxtheme.dll
0x00007ffdecfc0000 - 0x00007ffded135000 	C:\WINDOWS\System32\MSCTF.dll
0x00007ffde7db0000 - 0x00007ffde7dd9000 	C:\WINDOWS\system32\dwmapi.dll
0x00007ffdeb720000 - 0x00007ffdeb871000 	C:\WINDOWS\System32\ole32.dll
0x00007ffdc7470000 - 0x00007ffdc7607000 	C:\WINDOWS\system32\d3d9.dll
0x00007ffda8fe0000 - 0x00007ffdaa096000 	C:\WINDOWS\SYSTEM32\nvd3dumx.dll
0x00000000697f0000 - 0x0000000069821000 	C:\Program Files\Java\jdk1.8.0_111\jre\bin\jpeg.dll
0x000000006b750000 - 0x000000006b797000 	C:\Program Files\Java\jdk1.8.0_111\jre\bin\fontmanager.dll
0x00007ffde46b0000 - 0x00007ffde4748000 	C:\WINDOWS\System32\TextInputFramework.dll
0x00007ffde77a0000 - 0x00007ffde787a000 	C:\WINDOWS\System32\CoreMessaging.dll
0x00007ffde5150000 - 0x00007ffde546e000 	C:\WINDOWS\System32\CoreUIComponents.dll
0x00007ffde8710000 - 0x00007ffde8741000 	C:\WINDOWS\SYSTEM32\ntmarta.dll
0x00007ffde5000000 - 0x00007ffde514d000 	C:\WINDOWS\SYSTEM32\wintypes.dll
0x000000006b960000 - 0x000000006b97a000 	C:\Program Files\Java\jdk1.8.0_111\jre\bin\net.dll
0x00007ffde8e40000 - 0x00007ffde8ea6000 	C:\WINDOWS\system32\mswsock.dll
0x000000006b940000 - 0x000000006b951000 	C:\Program Files\Java\jdk1.8.0_111\jre\bin\nio.dll
0x000000006b700000 - 0x000000006b742000 	C:\Program Files\Java\jdk1.8.0_111\jre\bin\t2k.dll
0x00007ffddbf00000 - 0x00007ffddc0c9000 	C:\WINDOWS\SYSTEM32\dbghelp.dll

VM Arguments:
jvm_args: -Dfile.encoding=UTF-8 
java_command: TodosExerciciosPrincipal
java_class_path (initial): C:\Users\Gus\Documents\NetBeansProjects\Exercicio-InterfaceGrafica\ExerciciosListaInterfaceGrafica\build\classes
Launcher Type: SUN_STANDARD

Environment Variables:
PATH=C:\Program Files (x86)\Common Files\Oracle\Java\javapath;C:\ProgramData\Oracle\Java\javapath;C:\WINDOWS\system32;C:\WINDOWS;C:\WINDOWS\System32\Wbem;C:\WINDOWS\System32\WindowsPowerShell\v1.0\;C:\WINDOWS\System32\OpenSSH\;C:\Program Files\Java\jdk1.8.0_111\bin;C:\Users\Gus\AppData\Roaming\Dashlane\4.6.6.23032\bin\Firefox_Extension\{442718d9-475e-452a-b3e1-fb1ee16b8e9f}\components;C:\Users\Gus\AppData\Roaming\Dashlane\5.12.0.19744\bin\Firefox_Extension\{442718d9-475e-452a-b3e1-fb1ee16b8e9f}\components;C:\Users\Gus\AppData\Roaming\Dashlane\5.12.0.19744\ucrt;C:\Users\Gus\AppData\Local\Microsoft\WindowsApps;C:\Users\Gus\AppData\Local\GitHubDesktop\bin
USERNAME=Gus
OS=Windows_NT
PROCESSOR_IDENTIFIER=Intel64 Family 6 Model 23 Stepping 10, GenuineIntel



---------------  S Y S T E M  ---------------

OS: Windows 10.0 , 64 bit Build 17134 (10.0.17134.1)

CPU:total 4 (4 cores per cpu, 1 threads per core) family 6 model 23 stepping 10, cmov, cx8, fxsr, mmx, sse, sse2, sse3, ssse3, sse4.1, tsc

Memory: 4k page, physical 4193488k(1012964k free), swap 8387792k(3623100k free)

vm_info: Java HotSpot(TM) 64-Bit Server VM (25.111-b14) for windows-amd64 JRE (1.8.0_111-b14), built on Sep 22 2016 19:24:05 by "java_re" with MS VC++ 10.0 (VS2010)

time: Sun Jul 01 19:21:47 2018
elapsed time: 3 seconds (0d 0h 0m 3s)

