#
# A fatal error has been detected by the Java Runtime Environment:
#
#  EXCEPTION_ACCESS_VIOLATION (0xc0000005) at pc=0xffffffffa42f5120, pid=7344, tid=0x00000000000000e0
#
# JRE version: Java(TM) SE Runtime Environment (8.0_111-b14) (build 1.8.0_111-b14)
# Java VM: Java HotSpot(TM) 64-Bit Server VM (25.111-b14 mixed mode windows-amd64 compressed oops)
# Problematic frame:
# C  0xffffffffa42f5120
#
# Failed to write core dump. Minidumps are not enabled by default on client versions of Windows
#
# If you would like to submit a bug report, please visit:
#   http://bugreport.java.com/bugreport/crash.jsp
#

---------------  T H R E A D  ---------------

Current thread (0x0000000018035000):  JavaThread "Image Fetcher 0" daemon [_thread_in_Java, id=224, stack(0x000000001a260000,0x000000001a360000)]

siginfo: ExceptionCode=0xc0000005, ExceptionInformation=0x0000000000000008 0xffffffffa42f5120

Registers:
RAX=0x000000010001bd10, RBX=0x0000000015108e98, RCX=0x0000000000000001, RDX=0x00000000eaf4b2d8
RSP=0x000000001a35d718, RBP=0x000000001a35d8c0, RSI=0x00000000154e8178, RDI=0x000000000000041d
R8 =0x0000000000000001, R9 =0x00000000000003f0, R10=0x00000000eaf744c0, R11=0x0000000000000000
R12=0x0000000000000000, R13=0x0000000000000128, R14=0x0000000000000422, R15=0x0000000018035000
RIP=0xffffffffa42f5120, EFLAGS=0x0000000000010202

Top of Stack: (sp=0x000000001a35d718)
0x000000001a35d718:   0000000003476c94 000000001a35d8c0
0x000000001a35d728:   000000001a35d880 000000001a35d880
0x000000001a35d738:   0000000003310b1f 00000000032f5410
0x000000001a35d748:   0000000000000000 000000001a35d8c0
0x000000001a35d758:   000000001a35d880 0000000089cd2ddf
0x000000001a35d768:   00000000eaf4b2d8 00000000eaf582e0
0x000000001a35d778:   00000000eaf532b0 0000000000000001
0x000000001a35d788:   00000000eaf73e70 0000000000000002
0x000000001a35d798:   0000000000000000 0000000000000000
0x000000001a35d7a8:   00000000eaf734a0 00000000eaf4b200
0x000000001a35d7b8:   00000001000dcd38 000000001a35d8c0
0x000000001a35d7c8:   0000000003477d9c 000000001564d518
0x000000001a35d7d8:   0000000018035000 000000020000080a
0x000000001a35d7e8:   000000001564d518 0000000018035000
0x000000001a35d7f8:   0000000018035000 000000001a35d8c0
0x000000001a35d808:   0000000018035000 000000001a35d920 

Instructions: (pc=0xffffffffa42f5120)
0xffffffffa42f5100:   
[error occurred during error reporting (printing registers, top of stack, instructions near pc), id 0xc0000005]

Register to memory mapping:

RAX=0x000000010001bd10 is pointing into metadata
RBX={method} {0x0000000015108ea0} 'afterNodeInsertion' '(Z)V' in 'java/util/HashMap'
RCX=0x0000000000000001 is an unknown value
RDX=0x00000000eaf4b2d8 is an oop
java.util.HashMap 
 - klass: 'java/util/HashMap'
RSP=0x000000001a35d718 is pointing into the stack for thread: 0x0000000018035000
RBP=0x000000001a35d8c0 is pointing into the stack for thread: 0x0000000018035000
RSI=0x00000000154e8178 is pointing into metadata
RDI=0x000000000000041d is an unknown value
R8 =0x0000000000000001 is an unknown value
R9 =0x00000000000003f0 is an unknown value
R10=0x00000000eaf744c0 is an oop
java.util.HashMap$Node 
 - klass: 'java/util/HashMap$Node'
R11=0x0000000000000000 is an unknown value
R12=0x0000000000000000 is an unknown value
R13=0x0000000000000128 is an unknown value
R14=0x0000000000000422 is an unknown value
R15=0x0000000018035000 is a thread


Stack: [0x000000001a260000,0x000000001a360000],  sp=0x000000001a35d718,  free space=1013k
Native frames: (J=compiled Java code, j=interpreted, Vv=VM code, C=native code)
C  0xffffffffa42f5120


---------------  P R O C E S S  ---------------

Java Threads: ( => current thread )
=>0x0000000018035000 JavaThread "Image Fetcher 0" daemon [_thread_in_Java, id=224, stack(0x000000001a260000,0x000000001a360000)]
  0x0000000003120800 JavaThread "DestroyJavaVM" [_thread_blocked, id=6092, stack(0x0000000002ff0000,0x00000000030f0000)]
  0x00000000176b7800 JavaThread "AWT-EventQueue-0" [_thread_blocked, id=8044, stack(0x0000000017f20000,0x0000000018020000)]
  0x00000000176b5800 JavaThread "AWT-Windows" daemon [_thread_in_native, id=2428, stack(0x0000000017c70000,0x0000000017d70000)]
  0x000000001769f000 JavaThread "AWT-Shutdown" [_thread_blocked, id=7128, stack(0x0000000017b70000,0x0000000017c70000)]
  0x000000001769e000 JavaThread "Java2D Disposer" daemon [_thread_blocked, id=1716, stack(0x0000000017a70000,0x0000000017b70000)]
  0x0000000017350800 JavaThread "Service Thread" daemon [_thread_blocked, id=5232, stack(0x0000000017720000,0x0000000017820000)]
  0x00000000159ca800 JavaThread "C1 CompilerThread2" daemon [_thread_blocked, id=10540, stack(0x0000000017220000,0x0000000017320000)]
  0x00000000159c1800 JavaThread "C2 CompilerThread1" daemon [_thread_blocked, id=7444, stack(0x0000000017120000,0x0000000017220000)]
  0x00000000159bd800 JavaThread "C2 CompilerThread0" daemon [_thread_blocked, id=2456, stack(0x0000000017020000,0x0000000017120000)]
  0x00000000159bb800 JavaThread "Attach Listener" daemon [_thread_blocked, id=768, stack(0x0000000016f20000,0x0000000017020000)]
  0x00000000159ba000 JavaThread "Signal Dispatcher" daemon [_thread_blocked, id=9624, stack(0x0000000016e20000,0x0000000016f20000)]
  0x00000000159a9000 JavaThread "Finalizer" daemon [_thread_blocked, id=6392, stack(0x0000000016c10000,0x0000000016d10000)]
  0x0000000003211000 JavaThread "Reference Handler" daemon [_thread_blocked, id=1668, stack(0x0000000016b10000,0x0000000016c10000)]

Other Threads:
  0x0000000015985800 VMThread [stack: 0x0000000016a10000,0x0000000016b10000] [id=9976]
  0x0000000017352000 WatcherThread [stack: 0x0000000017970000,0x0000000017a70000] [id=10892]

VM state:not at safepoint (normal execution)

VM Mutex/Monitor currently owned by a thread: None

Heap:
 PSYoungGen      total 18944K, used 4604K [0x00000000eab00000, 0x00000000ec000000, 0x0000000100000000)
  eden space 16384K, 28% used [0x00000000eab00000,0x00000000eaf7f2e8,0x00000000ebb00000)
  from space 2560K, 0% used [0x00000000ebd80000,0x00000000ebd80000,0x00000000ec000000)
  to   space 2560K, 0% used [0x00000000ebb00000,0x00000000ebb00000,0x00000000ebd80000)
 ParOldGen       total 44032K, used 0K [0x00000000c0000000, 0x00000000c2b00000, 0x00000000eab00000)
  object space 44032K, 0% used [0x00000000c0000000,0x00000000c0000000,0x00000000c2b00000)
 Metaspace       used 7163K, capacity 7302K, committed 7680K, reserved 1056768K
  class space    used 843K, capacity 900K, committed 1024K, reserved 1048576K

Card table byte_map: [0x00000000126b0000,0x00000000128c0000] byte_map_base: 0x00000000120b0000

Marking Bits: (ParMarkBitMap*) 0x0000000072eba6c0
 Begin Bits: [0x0000000012e20000, 0x0000000013e20000)
 End Bits:   [0x0000000013e20000, 0x0000000014e20000)

Polling page: 0x0000000000ff0000

CodeCache: size=245760Kb used=1701Kb max_used=1701Kb free=244058Kb
 bounds [0x00000000032f0000, 0x0000000003560000, 0x00000000122f0000]
 total_blobs=649 nmethods=293 adapters=271
 compilation: enabled

Compilation events (10 events):
Event: 0.491 Thread 0x00000000159ca800  288       3       java.io.BufferedInputStream::read1 (108 bytes)
Event: 0.492 Thread 0x00000000159ca800 nmethod 288 0x0000000003497510 code [0x0000000003497720, 0x0000000003498018]
Event: 0.492 Thread 0x00000000159ca800  292       3       java.io.DataInputStream::readShort (40 bytes)
Event: 0.492 Thread 0x00000000159ca800 nmethod 292 0x0000000003498410 code [0x00000000034985a0, 0x0000000003498948]
Event: 0.492 Thread 0x00000000159ca800  290       3       java.io.DataInputStream::readUnsignedShort (39 bytes)
Event: 0.492 Thread 0x00000000159ca800 nmethod 290 0x0000000003498a90 code [0x0000000003498c20, 0x0000000003498fc8]
Event: 0.492 Thread 0x00000000159ca800  289       3       java.io.DataInputStream::readUTF (5 bytes)
Event: 0.492 Thread 0x00000000159ca800 nmethod 289 0x0000000003499110 code [0x0000000003499280, 0x0000000003499408]
Event: 0.492 Thread 0x00000000159ca800  293       1       java.util.HashMap::afterNodeInsertion (1 bytes)
Event: 0.492 Thread 0x00000000159ca800 nmethod 293 0x0000000003499490 code [0x00000000034995e0, 0x00000000034996f0]

GC Heap History (0 events):
No events

Deoptimization events (0 events):
No events

Internal exceptions (10 events):
Event: 0.040 Thread 0x0000000003120800 Exception <a 'java/lang/NoSuchMethodError': Method sun.misc.Unsafe.prefetchRead(Ljava/lang/Object;J)V name or signature does not match> (0x00000000eab07f60) thrown at [C:\re\workspace\8-2-build-windows-amd64-cygwin\jdk8u111\7883\hotspot\src\share\vm\prims
Event: 0.102 Thread 0x0000000003120800 Exception <a 'java/io/FileNotFoundException'> (0x00000000eab596f8) thrown at [C:\re\workspace\8-2-build-windows-amd64-cygwin\jdk8u111\7883\hotspot\src\share\vm\prims\jni.cpp, line 709]
Event: 0.130 Thread 0x0000000003120800 Exception <a 'java/security/PrivilegedActionException'> (0x00000000eab81d68) thrown at [C:\re\workspace\8-2-build-windows-amd64-cygwin\jdk8u111\7883\hotspot\src\share\vm\prims\jvm.cpp, line 1386]
Event: 0.130 Thread 0x0000000003120800 Exception <a 'java/security/PrivilegedActionException'> (0x00000000eab81f78) thrown at [C:\re\workspace\8-2-build-windows-amd64-cygwin\jdk8u111\7883\hotspot\src\share\vm\prims\jvm.cpp, line 1386]
Event: 0.131 Thread 0x0000000003120800 Exception <a 'java/security/PrivilegedActionException'> (0x00000000eab85e60) thrown at [C:\re\workspace\8-2-build-windows-amd64-cygwin\jdk8u111\7883\hotspot\src\share\vm\prims\jvm.cpp, line 1386]
Event: 0.131 Thread 0x0000000003120800 Exception <a 'java/security/PrivilegedActionException'> (0x00000000eab86070) thrown at [C:\re\workspace\8-2-build-windows-amd64-cygwin\jdk8u111\7883\hotspot\src\share\vm\prims\jvm.cpp, line 1386]
Event: 0.145 Thread 0x0000000003120800 Exception <a 'java/io/FileNotFoundException'> (0x00000000eab8dfd8) thrown at [C:\re\workspace\8-2-build-windows-amd64-cygwin\jdk8u111\7883\hotspot\src\share\vm\prims\jni.cpp, line 709]
Event: 0.210 Thread 0x0000000003120800 Exception <a 'java/lang/NoSuchFieldError': method resolution failed> (0x00000000eacad738) thrown at [C:\re\workspace\8-2-build-windows-amd64-cygwin\jdk8u111\7883\hotspot\src\share\vm\prims\methodHandles.cpp, line 1146]
Event: 0.212 Thread 0x0000000003120800 Exception <a 'java/lang/NoSuchFieldError': method resolution failed> (0x00000000eacbab08) thrown at [C:\re\workspace\8-2-build-windows-amd64-cygwin\jdk8u111\7883\hotspot\src\share\vm\prims\methodHandles.cpp, line 1146]
Event: 0.370 Thread 0x00000000176b7800 Exception <a 'java/io/FileNotFoundException'> (0x00000000eae4a510) thrown at [C:\re\workspace\8-2-build-windows-amd64-cygwin\jdk8u111\7883\hotspot\src\share\vm\prims\jni.cpp, line 709]

Events (10 events):
Event: 0.486 loading class sun/util/calendar/ZoneInfo
Event: 0.486 loading class sun/util/calendar/ZoneInfo done
Event: 0.486 loading class sun/util/calendar/ZoneInfoFile
Event: 0.487 loading class sun/util/calendar/ZoneInfoFile done
Event: 0.487 loading class sun/util/calendar/ZoneInfoFile$1
Event: 0.487 loading class sun/util/calendar/ZoneInfoFile$1 done
Event: 0.487 loading class java/io/DataInputStream
Event: 0.487 loading class java/io/DataInput
Event: 0.487 loading class java/io/DataInput done
Event: 0.487 loading class java/io/DataInputStream done


Dynamic libraries:
0x00007ff6f1b40000 - 0x00007ff6f1b77000 	C:\Program Files\Java\jdk1.8.0_111\bin\java.exe
0x00007fff320b0000 - 0x00007fff32291000 	C:\WINDOWS\SYSTEM32\ntdll.dll
0x00007fff2f280000 - 0x00007fff2f332000 	C:\WINDOWS\System32\KERNEL32.DLL
0x00007fff2e860000 - 0x00007fff2ead3000 	C:\WINDOWS\System32\KERNELBASE.dll
0x00007fff31f90000 - 0x00007fff32031000 	C:\WINDOWS\System32\ADVAPI32.dll
0x00007fff312f0000 - 0x00007fff3138e000 	C:\WINDOWS\System32\msvcrt.dll
0x00007fff2f500000 - 0x00007fff2f55b000 	C:\WINDOWS\System32\sechost.dll
0x00007fff2f3a0000 - 0x00007fff2f4c4000 	C:\WINDOWS\System32\RPCRT4.dll
0x00007fff315c0000 - 0x00007fff31750000 	C:\WINDOWS\System32\USER32.dll
0x00007fff2ed30000 - 0x00007fff2ed50000 	C:\WINDOWS\System32\win32u.dll
0x00007fff2f4d0000 - 0x00007fff2f4f8000 	C:\WINDOWS\System32\GDI32.dll
0x00007fff2dc90000 - 0x00007fff2de22000 	C:\WINDOWS\System32\gdi32full.dll
0x00007fff2ec90000 - 0x00007fff2ed2f000 	C:\WINDOWS\System32\msvcp_win.dll
0x00007fff2eb90000 - 0x00007fff2ec8a000 	C:\WINDOWS\System32\ucrtbase.dll
0x00007fff28c30000 - 0x00007fff28e99000 	C:\WINDOWS\WinSxS\amd64_microsoft.windows.common-controls_6595b64144ccf1df_6.0.17134.112_none_fb3f961b30681c12\COMCTL32.dll
0x00007fff2ef50000 - 0x00007fff2f273000 	C:\WINDOWS\System32\combase.dll
0x00007fff2e7e0000 - 0x00007fff2e85a000 	C:\WINDOWS\System32\bcryptPrimitives.dll
0x00007fff32040000 - 0x00007fff3206d000 	C:\WINDOWS\System32\IMM32.DLL
0x00000000725c0000 - 0x0000000072692000 	C:\Program Files\Java\jdk1.8.0_111\jre\bin\msvcr100.dll
0x00000000726a0000 - 0x0000000072f3a000 	C:\Program Files\Java\jdk1.8.0_111\jre\bin\server\jvm.dll
0x00007fff2f610000 - 0x00007fff2f618000 	C:\WINDOWS\System32\PSAPI.DLL
0x00007fff28fd0000 - 0x00007fff28fd9000 	C:\WINDOWS\SYSTEM32\WSOCK32.dll
0x00007fff31b30000 - 0x00007fff31b9c000 	C:\WINDOWS\System32\WS2_32.dll
0x00007fff28260000 - 0x00007fff2826a000 	C:\WINDOWS\SYSTEM32\VERSION.dll
0x00007fff2b9c0000 - 0x00007fff2b9e3000 	C:\WINDOWS\SYSTEM32\WINMM.dll
0x00007fff2aaa0000 - 0x00007fff2aaca000 	C:\WINDOWS\SYSTEM32\WINMMBASE.dll
0x00007fff2eb40000 - 0x00007fff2eb89000 	C:\WINDOWS\System32\cfgmgr32.dll
0x0000000072570000 - 0x000000007257f000 	C:\Program Files\Java\jdk1.8.0_111\jre\bin\verify.dll
0x0000000072540000 - 0x0000000072569000 	C:\Program Files\Java\jdk1.8.0_111\jre\bin\java.dll
0x0000000072520000 - 0x0000000072536000 	C:\Program Files\Java\jdk1.8.0_111\jre\bin\zip.dll
0x00007fff2f970000 - 0x00007fff30db0000 	C:\WINDOWS\System32\SHELL32.dll
0x00007fff2f560000 - 0x00007fff2f609000 	C:\WINDOWS\System32\shcore.dll
0x00007fff2de30000 - 0x00007fff2e53d000 	C:\WINDOWS\System32\windows.storage.dll
0x00007fff31750000 - 0x00007fff317a1000 	C:\WINDOWS\System32\shlwapi.dll
0x00007fff2dbd0000 - 0x00007fff2dbe1000 	C:\WINDOWS\System32\kernel.appcore.dll
0x00007fff2dc00000 - 0x00007fff2dc1f000 	C:\WINDOWS\System32\profapi.dll
0x00007fff2dc20000 - 0x00007fff2dc6c000 	C:\WINDOWS\System32\powrprof.dll
0x00007fff2dbf0000 - 0x00007fff2dbfa000 	C:\WINDOWS\System32\FLTLIB.DLL
0x0000000072340000 - 0x00000000724d8000 	C:\Program Files\Java\jdk1.8.0_111\jre\bin\awt.dll
0x00007fff31d60000 - 0x00007fff31e22000 	C:\WINDOWS\System32\OLEAUT32.dll
0x00007fff2bf50000 - 0x00007fff2bfdb000 	C:\WINDOWS\SYSTEM32\apphelp.dll
0x00007fff2c0d0000 - 0x00007fff2c168000 	C:\WINDOWS\system32\uxtheme.dll
0x00007fff2edd0000 - 0x00007fff2ef45000 	C:\WINDOWS\System32\MSCTF.dll
0x00007fff2c360000 - 0x00007fff2c389000 	C:\WINDOWS\system32\dwmapi.dll
0x00007fff31e30000 - 0x00007fff31f81000 	C:\WINDOWS\System32\ole32.dll
0x00007fff06d60000 - 0x00007fff06ef7000 	C:\WINDOWS\system32\d3d9.dll
0x00007fff002c0000 - 0x00007fff01376000 	C:\WINDOWS\SYSTEM32\nvd3dumx.dll
0x00007fff1f610000 - 0x00007fff1f7d9000 	C:\WINDOWS\SYSTEM32\dbghelp.dll

VM Arguments:
jvm_args: -Dfile.encoding=UTF-8 
java_command: TodosExerciciosPrincipal
java_class_path (initial): C:\Users\Gus\Documents\NetBeansProjects\Exercicio-InterfaceGrafica\ExerciciosListaInterfaceGrafica\build\classes
Launcher Type: SUN_STANDARD

Environment Variables:
PATH=C:\Program Files (x86)\Common Files\Oracle\Java\javapath;C:\ProgramData\Oracle\Java\javapath;C:\WINDOWS\system32;C:\WINDOWS;C:\WINDOWS\System32\Wbem;C:\WINDOWS\System32\WindowsPowerShell\v1.0\;C:\WINDOWS\System32\OpenSSH\;C:\Program Files\Java\jdk1.8.0_111\bin;C:\Users\Gus\AppData\Roaming\Dashlane\4.6.6.23032\bin\Firefox_Extension\{442718d9-475e-452a-b3e1-fb1ee16b8e9f}\components;C:\Users\Gus\AppData\Roaming\Dashlane\5.12.0.19744\bin\Firefox_Extension\{442718d9-475e-452a-b3e1-fb1ee16b8e9f}\components;C:\Users\Gus\AppData\Roaming\Dashlane\5.12.0.19744\ucrt;C:\Users\Gus\AppData\Local\Microsoft\WindowsApps;C:\Users\Gus\AppData\Local\GitHubDesktop\bin
USERNAME=Gus
OS=Windows_NT
PROCESSOR_IDENTIFIER=Intel64 Family 6 Model 23 Stepping 10, GenuineIntel



---------------  S Y S T E M  ---------------

OS: Windows 10.0 , 64 bit Build 17134 (10.0.17134.1)

CPU:total 4 (4 cores per cpu, 1 threads per core) family 6 model 23 stepping 10, cmov, cx8, fxsr, mmx, sse, sse2, sse3, ssse3, sse4.1, tsc

Memory: 4k page, physical 4193508k(1303632k free), swap 8387812k(4007112k free)

vm_info: Java HotSpot(TM) 64-Bit Server VM (25.111-b14) for windows-amd64 JRE (1.8.0_111-b14), built on Sep 22 2016 19:24:05 by "java_re" with MS VC++ 10.0 (VS2010)

time: Wed Jun 27 17:52:04 2018
elapsed time: 0 seconds (0d 0h 0m 0s)

